<?xml version="1.0" encoding="UTF-8"?>
<!-- Generated by org.testng.reporters.JUnitReportReporter -->
<testsuite hostname="LAPTOP-98CEBCBG" failures="0" tests="1" name="newmaven.test1" time="0.005" errors="0" timestamp="2021-06-11T11:41:25 IST" skipped="0">
  <testcase classname="newmaven.test1" name="test" time="0.005"/>
  <system-out/>
</testsuite> <!-- newmaven.test1 -->
